build/app/intermediates/manifest_merge_blame_file/release/manifest-merger-blame-release-report.txt
1<?xml version="1.0" encoding="utf-8"?>
2<manifest xmlns:android="http://schemas.android.com/apk/res/android"
3    package="com.example.awashyak_v1"
4    android:versionCode="1"
5    android:versionName="1.0.0" >
6
7    <uses-sdk
8        android:minSdkVersion="21"
8-->src/main/AndroidManifest.xml
9        android:targetSdkVersion="31" />
9-->src/main/AndroidManifest.xml
10
11    <queries>
11-->src/main/AndroidManifest.xml:3:5-7:15
12        <intent>
12-->src/main/AndroidManifest.xml:4:5-6:14
13            <action android:name="android.intent.action.TTS_SERVICE" />
13-->src/main/AndroidManifest.xml:5:9-68
13-->src/main/AndroidManifest.xml:5:17-65
14        </intent>
15    </queries>
16
17    <uses-permission android:name="android.permission.BLUETOOTH_CONNECT" />
17-->[:speech_to_text] AndroidManifest.xml:9:5-76
17-->[:speech_to_text] AndroidManifest.xml:9:22-73
18
19    <meta-data
19-->src/main/AndroidManifest.xml:35:9-37:33
20        android:name="flutterEmbedding"
20-->src/main/AndroidManifest.xml:36:13-44
21        android:value="2" />
21-->src/main/AndroidManifest.xml:37:13-30
22
23    <uses-permission android:name="android.permission.INTERNET" />
23-->[app.alan:sdk:4.20.8] AndroidManifest.xml:9:5-67
23-->[app.alan:sdk:4.20.8] AndroidManifest.xml:9:22-64
24    <uses-permission android:name="android.permission.ACCESS_NETWORK_STATE" />
24-->[app.alan:sdk:4.20.8] AndroidManifest.xml:10:5-79
24-->[app.alan:sdk:4.20.8] AndroidManifest.xml:10:22-76
25    <uses-permission android:name="android.permission.RECORD_AUDIO" />
25-->[app.alan:sdk:4.20.8] AndroidManifest.xml:11:5-71
25-->[app.alan:sdk:4.20.8] AndroidManifest.xml:11:22-68
26    <uses-permission android:name="android.permission.WRITE_EXTERNAL_STORAGE" />
26-->[app.alan:sdk:4.20.8] AndroidManifest.xml:12:5-81
26-->[app.alan:sdk:4.20.8] AndroidManifest.xml:12:22-78
27    <uses-permission android:name="android.permission.READ_EXTERNAL_STORAGE" />
27-->[app.alan:sdk:4.20.8] AndroidManifest.xml:13:5-80
27-->[app.alan:sdk:4.20.8] AndroidManifest.xml:13:22-77
28    <uses-permission android:name="android.permission.CAMERA" />
28-->[app.alan:sdk:4.20.8] AndroidManifest.xml:14:5-65
28-->[app.alan:sdk:4.20.8] AndroidManifest.xml:14:22-62
29    <uses-permission android:name="android.permission.WAKE_LOCK" />
29-->[app.alan:sdk:4.20.8] AndroidManifest.xml:15:5-68
29-->[app.alan:sdk:4.20.8] AndroidManifest.xml:15:22-65
30    <uses-permission android:name="android.permission.FOREGROUND_SERVICE" />
30-->[app.alan:sdk:4.20.8] AndroidManifest.xml:16:5-77
30-->[app.alan:sdk:4.20.8] AndroidManifest.xml:16:22-74
31
32    <application
33        android:name="android.app.Application"
33-->src/main/AndroidManifest.xml:10:9-42
34        android:appComponentFactory="androidx.core.app.CoreComponentFactory"
34-->[androidx.core:core:1.6.0] AndroidManifest.xml:24:18-86
35        android:icon="@mipmap/ic_launcher"
35-->src/main/AndroidManifest.xml:11:9-43
36        android:label="awashyak_v1" >
36-->src/main/AndroidManifest.xml:9:9-36
37        <activity
37-->src/main/AndroidManifest.xml:12:9-32:20
38            android:name="com.example.awashyak_v1.MainActivity"
38-->src/main/AndroidManifest.xml:13:13-41
39            android:configChanges="orientation|keyboardHidden|keyboard|screenSize|smallestScreenSize|locale|layoutDirection|fontScale|screenLayout|density|uiMode"
39-->src/main/AndroidManifest.xml:17:13-163
40            android:exported="true"
40-->src/main/AndroidManifest.xml:14:13-36
41            android:hardwareAccelerated="true"
41-->src/main/AndroidManifest.xml:18:13-47
42            android:launchMode="singleTop"
42-->src/main/AndroidManifest.xml:15:13-43
43            android:theme="@style/LaunchTheme"
43-->src/main/AndroidManifest.xml:16:13-47
44            android:windowSoftInputMode="adjustResize" >
44-->src/main/AndroidManifest.xml:19:13-55
45
46            <!--
47                 Specifies an Android theme to apply to this Activity as soon as
48                 the Android process has started. This theme is visible to the user
49                 while the Flutter UI initializes. After that, this theme continues
50                 to determine the Window background behind the Flutter UI.
51            -->
52            <meta-data
52-->src/main/AndroidManifest.xml:24:13-27:17
53                android:name="io.flutter.embedding.android.NormalTheme"
53-->src/main/AndroidManifest.xml:25:15-70
54                android:resource="@style/NormalTheme" />
54-->src/main/AndroidManifest.xml:26:15-52
55
56            <intent-filter>
56-->src/main/AndroidManifest.xml:28:13-31:29
57                <action android:name="android.intent.action.MAIN" />
57-->src/main/AndroidManifest.xml:29:17-68
57-->src/main/AndroidManifest.xml:29:25-66
58
59                <category android:name="android.intent.category.LAUNCHER" />
59-->src/main/AndroidManifest.xml:30:17-76
59-->src/main/AndroidManifest.xml:30:27-74
60            </intent-filter>
61        </activity>
62        <!--
63             Don't delete the meta-data below.
64             This is used by the Flutter tool to generate GeneratedPluginRegistrant.java
65        -->
66        <meta-data
66-->src/main/AndroidManifest.xml:35:9-37:33
67            android:name="flutterEmbedding"
67-->src/main/AndroidManifest.xml:36:13-44
68            android:value="2" />
68-->src/main/AndroidManifest.xml:37:13-30
69
70        <activity
70-->[:url_launcher_android] AndroidManifest.xml:10:9-13:74
71            android:name="io.flutter.plugins.urllauncher.WebViewActivity"
71-->[:url_launcher_android] AndroidManifest.xml:11:13-74
72            android:exported="false"
72-->[:url_launcher_android] AndroidManifest.xml:12:13-37
73            android:theme="@android:style/Theme.NoTitleBar.Fullscreen" />
73-->[:url_launcher_android] AndroidManifest.xml:13:13-71
74
75        <uses-library
75-->[androidx.window:window:1.0.0-beta04] AndroidManifest.xml:25:9-27:40
76            android:name="androidx.window.extensions"
76-->[androidx.window:window:1.0.0-beta04] AndroidManifest.xml:26:13-54
77            android:required="false" />
77-->[androidx.window:window:1.0.0-beta04] AndroidManifest.xml:27:13-37
78        <uses-library
78-->[androidx.window:window:1.0.0-beta04] AndroidManifest.xml:28:9-30:40
79            android:name="androidx.window.sidecar"
79-->[androidx.window:window:1.0.0-beta04] AndroidManifest.xml:29:13-51
80            android:required="false" />
80-->[androidx.window:window:1.0.0-beta04] AndroidManifest.xml:30:13-37
81
82        <activity
82-->[app.alan:sdk:4.20.8] AndroidManifest.xml:19:9-21:56
83            android:name="com.alan.alansdk.CheckPermissionsActivity"
83-->[app.alan:sdk:4.20.8] AndroidManifest.xml:20:13-69
84            android:theme="@style/Theme.Transparent" />
84-->[app.alan:sdk:4.20.8] AndroidManifest.xml:21:13-53
85        <activity
85-->[app.alan:sdk:4.20.8] AndroidManifest.xml:22:9-25:54
86            android:name="com.alan.alansdk.qr.QRScanActivity"
86-->[app.alan:sdk:4.20.8] AndroidManifest.xml:23:13-62
87            android:screenOrientation="portrait"
87-->[app.alan:sdk:4.20.8] AndroidManifest.xml:24:13-49
88            android:theme="@style/QRActivityTheme" />
88-->[app.alan:sdk:4.20.8] AndroidManifest.xml:25:13-51
89
90        <service
90-->[app.alan:sdk:4.20.8] AndroidManifest.xml:27:9-30:44
91            android:name="com.alan.alansdk.AlanNotificationService"
91-->[app.alan:sdk:4.20.8] AndroidManifest.xml:28:13-68
92            android:enabled="true"
92-->[app.alan:sdk:4.20.8] AndroidManifest.xml:29:13-35
93            android:stopWithTask="false" />
93-->[app.alan:sdk:4.20.8] AndroidManifest.xml:30:13-41
94    </application>
95
96</manifest>